2026-04-06 14:46:13.105 [main] INFO  server.ServerMain - Порт сервера не передан, используем по умолчанию: 1524
2026-04-06 14:46:31.023 [main] INFO  server.ServerMain - Порт сервера не передан, используем по умолчанию: 1524
2026-04-06 14:46:41.219 [main] ERROR server.ServerMain - Не удалось подключиться к БД: No suitable driver found for jdbc:postgresql://pg/studs
2026-04-06 15:06:25.854 [main] INFO  server.ServerMain - Порт сервера не передан, используем по умолчанию: 1524
2026-04-06 15:06:37.238 [main] ERROR server.ServerMain - Не удалось подключиться к БД: No suitable driver found for jdbc:postgresql://pg/studs
2026-04-06 23:16:57.126 [main] INFO  server.ServerMain - Порт сервера не передан, используем по умолчанию: 1524
2026-04-06 23:17:14.097 [main] ERROR server.ServerMain - Не удалось подключиться к БД: The connection attempt failed.
2026-04-06 23:17:38.467 [main] INFO  server.ServerMain - Порт сервера не передан, используем по умолчанию: 1524
2026-04-06 23:20:12.767 [main] ERROR server.ServerMain - Не удалось подключиться к БД: The connection attempt failed.
2026-04-06 23:24:38.294 [main] INFO  server.ServerMain - Порт сервера не передан, используем по умолчанию: 1524
2026-04-06 23:24:43.820 [main] INFO  server.ServerMain - Порт сервера не передан, используем по умолчанию: 1524
2026-04-06 23:25:00.757 [main] ERROR server.ServerMain - Не удалось подключиться к БД: The connection attempt failed.
2026-04-06 23:25:09.590 [main] INFO  server.ServerMain - Порт сервера не передан, используем по умолчанию: 1524
2026-04-06 23:25:19.607 [main] ERROR server.ServerMain - Не удалось подключиться к БД: The connection attempt failed.
2026-04-07 21:19:47.165 [main] INFO  server.ServerMain - Порт сервера не передан, используем по умолчанию: 1524
2026-04-07 21:21:23.004 [main] ERROR server.ServerMain - Не удалось подключиться к БД: Connection to localhost:5432 refused. Check that the hostname and port are correct and that the postmaster is accepting TCP/IP connections.
2026-04-07 22:01:30.600 [main] INFO  server.ServerMain - Порт сервера не передан, используем по умолчанию: 1524
2026-04-07 22:01:44.397 [main] INFO  server.DatabaseManager - Таблицы базы данных инициализированы
2026-04-07 22:01:44.397 [main] INFO  server.DatabaseManager - Подключение к базе данных (jdbc:postgresql://localhost:5433/studs) установлено
2026-04-07 22:01:44.424 [main] INFO  server.DatabaseManager - Загружено 0 продуктов из базы данных
2026-04-07 22:01:44.433 [main] INFO  server.CommandManager - Все команды инициализированы
2026-04-07 22:01:44.439 [Thread-0] INFO  server.ServerMain - Доступные команды сервера: exit
2026-04-07 22:15:02.129 [Thread-0] INFO  server.ServerMain - Сервер останавливается по команде exit
